<?xml version="1.0" encoding="UTF-8"?>
<!-- Generated by org.testng.reporters.JUnitXMLReporter -->
<testsuite hostname="IMSS-JKR-CPU-13" ignored="0" name="IE" tests="1" failures="0" timestamp="23 May 2018 06:21:10 GMT" time="4.958" errors="0">
  <testcase name="@BeforeClass openBrowser" time="4.854" classname="Common_Methods.Util_driver">
    <failure type="java.lang.NullPointerException">
      <![CDATA[java.lang.NullPointerException
at Common_Methods.Util_driver.openBrowser(Util_driver.java:87)
at java.util.concurrent.FutureTask.run(Unknown Source)
at java.util.concurrent.ThreadPoolExecutor.runWorker(Unknown Source)
at java.util.concurrent.ThreadPoolExecutor$Worker.run(Unknown Source)
at java.lang.Thread.run(Unknown Source)
... Removed 17 stack frames]]>
    </failure>
  </testcase> <!-- @BeforeClass openBrowser -->
  <testcase name="@AfterClass Closebrowser" time="0.0" classname="Common_Methods.Util_driver">
    <skipped/>
  </testcase> <!-- @AfterClass Closebrowser -->
  <testcase name="coo_credentials" time="0.0" classname="TEST_NG.COO">
    <skipped/>
  </testcase> <!-- coo_credentials -->
</testsuite> <!-- IE -->
